2024-03-17 08:52:32.705  INFO 18240 --- [restartedMain] c.example.Shopping.ShoppingApplication   : Starting ShoppingApplication using Java 19.0.2 on DESKTOP-QENHD01 with PID 18240 (D:\GonzaShopping\Shopping\target\classes started by gonza in D:\GonzaShopping\Shopping)
2024-03-17 08:52:32.711  INFO 18240 --- [restartedMain] c.example.Shopping.ShoppingApplication   : No active profile set, falling back to 1 default profile: "default"
2024-03-17 08:52:32.794  INFO 18240 --- [restartedMain] .e.DevToolsPropertyDefaultsPostProcessor : Devtools property defaults active! Set 'spring.devtools.add-properties' to 'false' to disable
2024-03-17 08:52:32.794  INFO 18240 --- [restartedMain] .e.DevToolsPropertyDefaultsPostProcessor : For additional web related logging consider setting the 'logging.level.web' property to 'DEBUG'
2024-03-17 08:52:33.722  INFO 18240 --- [restartedMain] .s.d.r.c.RepositoryConfigurationDelegate : Bootstrapping Spring Data JPA repositories in DEFAULT mode.
2024-03-17 08:52:33.805  INFO 18240 --- [restartedMain] .s.d.r.c.RepositoryConfigurationDelegate : Finished Spring Data repository scanning in 70 ms. Found 1 JPA repository interfaces.
2024-03-17 08:52:34.598  INFO 18240 --- [restartedMain] o.s.b.w.embedded.tomcat.TomcatWebServer  : Tomcat initialized with port(s): 9090 (http)
2024-03-17 08:52:34.613  INFO 18240 --- [restartedMain] o.apache.catalina.core.StandardService   : Starting service [Tomcat]
2024-03-17 08:52:34.613  INFO 18240 --- [restartedMain] org.apache.catalina.core.StandardEngine  : Starting Servlet engine: [Apache Tomcat/9.0.68]
2024-03-17 08:52:34.725  INFO 18240 --- [restartedMain] o.a.c.c.C.[Tomcat].[localhost].[/]       : Initializing Spring embedded WebApplicationContext
2024-03-17 08:52:34.725  INFO 18240 --- [restartedMain] w.s.c.ServletWebServerApplicationContext : Root WebApplicationContext: initialization completed in 1930 ms
2024-03-17 08:52:34.947  INFO 18240 --- [restartedMain] o.hibernate.jpa.internal.util.LogHelper  : HHH000204: Processing PersistenceUnitInfo [name: default]
2024-03-17 08:52:35.023  INFO 18240 --- [restartedMain] org.hibernate.Version                    : HHH000412: Hibernate ORM core version 5.6.12.Final
2024-03-17 08:52:35.218  INFO 18240 --- [restartedMain] o.hibernate.annotations.common.Version   : HCANN000001: Hibernate Commons Annotations {5.1.2.Final}
2024-03-17 08:52:35.345  INFO 18240 --- [restartedMain] com.zaxxer.hikari.HikariDataSource       : HikariPool-1 - Starting...
2024-03-17 08:52:35.889  INFO 18240 --- [restartedMain] com.zaxxer.hikari.HikariDataSource       : HikariPool-1 - Start completed.
2024-03-17 08:52:35.910  INFO 18240 --- [restartedMain] org.hibernate.dialect.Dialect            : HHH000400: Using dialect: org.hibernate.dialect.MySQL8Dialect
2024-03-17 08:52:36.505  INFO 18240 --- [restartedMain] o.h.e.t.j.p.i.JtaPlatformInitiator       : HHH000490: Using JtaPlatform implementation: [org.hibernate.engine.transaction.jta.platform.internal.NoJtaPlatform]
2024-03-17 08:52:36.510  INFO 18240 --- [restartedMain] j.LocalContainerEntityManagerFactoryBean : Initialized JPA EntityManagerFactory for persistence unit 'default'
2024-03-17 08:52:36.971  WARN 18240 --- [restartedMain] JpaBaseConfiguration$JpaWebConfiguration : spring.jpa.open-in-view is enabled by default. Therefore, database queries may be performed during view rendering. Explicitly configure spring.jpa.open-in-view to disable this warning
2024-03-17 08:52:37.249  INFO 18240 --- [restartedMain] o.s.b.d.a.OptionalLiveReloadServer       : LiveReload server is running on port 35729
2024-03-17 08:52:37.284  INFO 18240 --- [restartedMain] o.s.b.w.embedded.tomcat.TomcatWebServer  : Tomcat started on port(s): 9090 (http) with context path ''
2024-03-17 08:52:37.295  INFO 18240 --- [restartedMain] c.example.Shopping.ShoppingApplication   : Started ShoppingApplication in 5.032 seconds (JVM running for 7.409)
